<?xml version="1.0" encoding="UTF-8"?>
<!-- Generated by org.testng.reporters.JUnitXMLReporter -->
<testsuite ignored="0" hostname="ShreyasBhagat" failures="0" tests="2" name="Default test" time="0.472" errors="0" timestamp="2025-07-05T18:33:06 IST">
  <testcase classname="testcases.TC_ProductSearchFunctionality" name="@BeforeMethod websetup" time="0.004">
    <failure type="java.lang.IllegalArgumentException" message="Extension must exist: C:\Users\Lenovo\git\Autmation_Opencart\AutomationScript_OpenCart\resources\extensions\ublock-origin.crx">
      <![CDATA[java.lang.IllegalArgumentException: Extension must exist: C:\Users\Lenovo\git\Autmation_Opencart\AutomationScript_OpenCart\resources\extensions\ublock-origin.crx
at org.openqa.selenium.internal.Require$FileChecker.isFile(Require.java:270)
at org.openqa.selenium.chromium.ChromiumOptions.lambda$addExtensions$2(ChromiumOptions.java:161)
at java.base/java.util.Arrays$ArrayList.forEach(Arrays.java:4266)
at org.openqa.selenium.chromium.ChromiumOptions.addExtensions(ChromiumOptions.java:161)
at org.openqa.selenium.chromium.ChromiumOptions.addExtensions(ChromiumOptions.java:150)
at baseclass.BaseClass.launchWebApp(BaseClass.java:79)
at testcases.TC_ProductSearchFunctionality.websetup(TC_ProductSearchFunctionality.java:54)
at java.base/jdk.internal.reflect.DirectMethodHandleAccessor.invoke(DirectMethodHandleAccessor.java:103)
at java.base/java.lang.reflect.Method.invoke(Method.java:580)
at org.testng.internal.invokers.MethodInvocationHelper.invokeMethod(MethodInvocationHelper.java:141)
at org.testng.internal.invokers.MethodInvocationHelper.invokeMethodConsideringTimeout(MethodInvocationHelper.java:71)
at org.testng.internal.invokers.ConfigInvoker.invokeConfigurationMethod(ConfigInvoker.java:400)
at org.testng.internal.invokers.ConfigInvoker.invokeConfigurations(ConfigInvoker.java:333)
at org.testng.internal.invokers.TestInvoker.runConfigMethods(TestInvoker.java:836)
at org.testng.internal.invokers.TestInvoker.invokeMethod(TestInvoker.java:601)
at org.testng.internal.invokers.TestInvoker.invokeTestMethod(TestInvoker.java:230)
at org.testng.internal.invokers.MethodRunner.runInSequence(MethodRunner.java:63)
at org.testng.internal.invokers.TestInvoker$MethodInvocationAgent.invoke(TestInvoker.java:995)
at org.testng.internal.invokers.TestInvoker.invokeTestMethods(TestInvoker.java:203)
at org.testng.internal.invokers.TestMethodWorker.invokeTestMethods(TestMethodWorker.java:154)
at org.testng.internal.invokers.TestMethodWorker.run(TestMethodWorker.java:134)
at java.base/java.util.ArrayList.forEach(ArrayList.java:1597)
at org.testng.TestRunner.privateRun(TestRunner.java:741)
at org.testng.TestRunner.run(TestRunner.java:616)
at org.testng.SuiteRunner.runTest(SuiteRunner.java:421)
at org.testng.SuiteRunner.runSequentially(SuiteRunner.java:413)
at org.testng.SuiteRunner.privateRun(SuiteRunner.java:373)
at org.testng.SuiteRunner.run(SuiteRunner.java:312)
at org.testng.SuiteRunnerWorker.runSuite(SuiteRunnerWorker.java:52)
at org.testng.SuiteRunnerWorker.run(SuiteRunnerWorker.java:95)
at org.testng.TestNG.runSuitesSequentially(TestNG.java:1274)
at org.testng.TestNG.runSuitesLocally(TestNG.java:1208)
at org.testng.TestNG.runSuites(TestNG.java:1112)
at org.testng.TestNG.run(TestNG.java:1079)
at org.testng.remote.AbstractRemoteTestNG.run(AbstractRemoteTestNG.java:115)
at org.testng.remote.RemoteTestNG.initAndRun(RemoteTestNG.java:293)
at org.testng.remote.RemoteTestNG.main(RemoteTestNG.java:91)
]]>
    </failure>
  </testcase> <!-- @BeforeMethod websetup -->
  <testcase classname="testcases.TC_ProductSearchFunctionality" name="@BeforeMethod websetup" time="0.0">
    <skipped/>
  </testcase> <!-- @BeforeMethod websetup -->
  <testcase classname="testcases.TC_ProductSearchFunctionality" name="FilterByCategory" time="0.0">
    <skipped/>
  </testcase> <!-- FilterByCategory -->
  <testcase classname="testcases.TC_ProductSearchFunctionality" name="SearchFunctionality" time="0.0">
    <skipped/>
  </testcase> <!-- SearchFunctionality -->
</testsuite> <!-- Default test -->
